<?xml version="1.0" encoding="UTF-8"?>
<!-- Generated by org.testng.reporters.JUnitXMLReporter -->
<testsuite ignored="0" hostname="DESKTOP-2E2I19P" failures="3" tests="10" name="Surefire test" time="54.118" errors="0" timestamp="2022-08-20T03:28:50 PDT">
  <testcase classname="FeatureOne.Scenario1" name="DynamicControlsCheckbox" time="13.304"/>
  <testcase classname="FeatureOne.Scenario1" name="DynamicControlsEnableTextbox" time="3.219"/>
  <testcase classname="FeatureOne.Scenario1" name="DynamicLoading" time="10.695"/>
  <testcase classname="FeatureOne.Scenario2" name="EntryAdd" time="0.678"/>
  <testcase classname="FeatureOne.Scenario2" name="ExitIntent" time="4.373">
    <failure type="java.lang.AssertionError" message="The following asserts failed:
	expected [false] but found [true]">
      <![CDATA[java.lang.AssertionError: The following asserts failed:
expected [false] but found [true]
at FeatureOne.Scenario2.ExitIntent(Scenario2.java:77)
at java.base/java.util.ArrayList.forEach(ArrayList.java:1511)
... Removed 32 stack frames]]>
    </failure>
  </testcase> <!-- ExitIntent -->
  <testcase classname="FeatureOne.Scenario2" name="FileDownload" time="4.151"/>
  <testcase classname="FeatureTwo.Scenario1" name="FileUpload" time="1.237"/>
  <testcase classname="FeatureTwo.Scenario1" name="FloatingMenu" time="0.15"/>
  <testcase classname="FeatureTwo.Scenario1" name="ForgotPassword" time="10.239">
    <failure type="org.openqa.selenium.NoSuchElementException" message="no such element: Unable to locate element: {&amp;quot;method&amp;quot;:&amp;quot;xpath&amp;quot;,&amp;quot;selector&amp;quot;:&amp;quot;//*[@id=&amp;quot;post&amp;quot;]/table/tbody/tr[2]/td[2]/div&amp;quot;}
  (Session info: chrome=104.0.5112.102)
For documentation on this error, please visit: https://www.seleniumhq.org/exceptions/no_such_element.html
Build info: version: &amp;apos;3.141.59&amp;apos;, revision: &amp;apos;e82be7d358&amp;apos;, time: &amp;apos;2018-11-14T08:17:03&amp;apos;
System info: host: &amp;apos;DESKTOP-2E2I19P&amp;apos;, ip: &amp;apos;192.168.1.174&amp;apos;, os.name: &amp;apos;Windows 10&amp;apos;, os.arch: &amp;apos;amd64&amp;apos;, os.version: &amp;apos;10.0&amp;apos;, java.version: &amp;apos;18.0.2&amp;apos;
Driver info: org.openqa.selenium.chrome.ChromeDriver
Capabilities {acceptInsecureCerts: false, browserName: chrome, browserVersion: 104.0.5112.102, chrome: {chromedriverVersion: 104.0.5112.79 (3cf3e8c8a07d..., userDataDir: C:\Users\pawlo\AppData\Loca...}, goog:chromeOptions: {debuggerAddress: localhost:64235}, javascriptEnabled: true, networkConnectionEnabled: false, pageLoadStrategy: normal, platform: WINDOWS, platformName: WINDOWS, proxy: Proxy(), setWindowRect: true, strictFileInteractability: false, timeouts: {implicit: 0, pageLoad: 300000, script: 30000}, unhandledPromptBehavior: dismiss and notify, webauthn:extension:credBlob: true, webauthn:extension:largeBlob: true, webauthn:virtualAuthenticators: true}
Session ID: fd2b3915d72e40a2ab4b8a159b898910
*** Element info: {Using=xpath, value=//*[@id=&amp;quot;post&amp;quot;]/table/tbody/tr[2]/td[2]/div}">
      <![CDATA[org.openqa.selenium.NoSuchElementException: no such element: Unable to locate element: {"method":"xpath","selector":"//*[@id="post"]/table/tbody/tr[2]/td[2]/div"}
  (Session info: chrome=104.0.5112.102)
For documentation on this error, please visit: https://www.seleniumhq.org/exceptions/no_such_element.html
Build info: version: '3.141.59', revision: 'e82be7d358', time: '2018-11-14T08:17:03'
System info: host: 'DESKTOP-2E2I19P', ip: '192.168.1.174', os.name: 'Windows 10', os.arch: 'amd64', os.version: '10.0', java.version: '18.0.2'
Driver info: org.openqa.selenium.chrome.ChromeDriver
Capabilities {acceptInsecureCerts: false, browserName: chrome, browserVersion: 104.0.5112.102, chrome: {chromedriverVersion: 104.0.5112.79 (3cf3e8c8a07d..., userDataDir: C:\Users\pawlo\AppData\Loca...}, goog:chromeOptions: {debuggerAddress: localhost:64235}, javascriptEnabled: true, networkConnectionEnabled: false, pageLoadStrategy: normal, platform: WINDOWS, platformName: WINDOWS, proxy: Proxy(), setWindowRect: true, strictFileInteractability: false, timeouts: {implicit: 0, pageLoad: 300000, script: 30000}, unhandledPromptBehavior: dismiss and notify, webauthn:extension:credBlob: true, webauthn:extension:largeBlob: true, webauthn:virtualAuthenticators: true}
Session ID: fd2b3915d72e40a2ab4b8a159b898910
*** Element info: {Using=xpath, value=//*[@id="post"]/table/tbody/tr[2]/td[2]/div}
at org.openqa.selenium.remote.http.W3CHttpResponseCodec.createException(W3CHttpResponseCodec.java:187)
at org.openqa.selenium.remote.http.W3CHttpResponseCodec.decode(W3CHttpResponseCodec.java:122)
at org.openqa.selenium.remote.http.W3CHttpResponseCodec.decode(W3CHttpResponseCodec.java:49)
at org.openqa.selenium.remote.HttpCommandExecutor.execute(HttpCommandExecutor.java:158)
at org.openqa.selenium.remote.service.DriverCommandExecutor.execute(DriverCommandExecutor.java:83)
at org.openqa.selenium.remote.RemoteWebDriver.execute(RemoteWebDriver.java:552)
at org.openqa.selenium.remote.RemoteWebDriver.findElement(RemoteWebDriver.java:323)
at org.openqa.selenium.remote.RemoteWebDriver.findElementByXPath(RemoteWebDriver.java:428)
at org.openqa.selenium.By$ByXPath.findElement(By.java:353)
at org.openqa.selenium.remote.RemoteWebDriver.findElement(RemoteWebDriver.java:315)
at FeatureTwo.Scenario1.ForgotPassword(Scenario1.java:86)
at java.base/java.util.ArrayList.forEach(ArrayList.java:1511)
... Removed 33 stack frames]]>
    </failure>
  </testcase> <!-- ForgotPassword -->
  <testcase classname="FeatureTwo.Scenario2" name="LoginPage" time="0.391">
    <failure type="java.lang.AssertionError" message="Asserted!
	expected [You logged into a secure area!
ﾃ余 but found [You logged into a secure area!],
	expected [You logged out of the secure area!
ﾃ余 but found [You logged out of the secure area!]">
      <![CDATA[java.lang.AssertionError: Asserted!
expected [You logged into a secure area!
ﾃ余 but found [You logged into a secure area!],
expected [You logged out of the secure area!
ﾃ余 but found [You logged out of the secure area!]
at FeatureTwo.Scenario2.LoginPage(Scenario2.java:44)
at java.base/java.util.ArrayList.forEach(ArrayList.java:1511)
... Removed 31 stack frames]]>
    </failure>
  </testcase> <!-- LoginPage -->
</testsuite> <!-- Surefire test -->
