<?xml version="1.0" encoding="UTF-8"?>
<testng-results ignored="9" total="10" passed="0" failed="1" skipped="0">
  <reporter-output>
  </reporter-output>
  <suite started-at="2022-08-19T13:41:50 GMT-05:00" name="Regression Tests" finished-at="2022-08-19T13:41:53 GMT-05:00" duration-ms="3190">
    <groups>
      <group name="retest">
        <method signature="Scenario2.LoginPage()[pri:0, instance:featureA.Scenario4@6a01e23]" name="LoginPage" class="featureA.Scenario4"/>
      </group> <!-- retest -->
    </groups>
    <test started-at="2022-08-19T13:41:50 GMT-05:00" name="C:/Users/pawlo/IdeaProjects/NewTestNG/src/test/java" finished-at="2022-08-19T13:41:53 GMT-05:00" duration-ms="3190">
      <class name="featureA.Scenario4">
        <test-method is-config="true" signature="OpenBrowserAndStartApplication()[pri:0, instance:featureA.Scenario4@6a01e23]" started-at="2022-08-19T13:41:50 GMT-05:00" name="OpenBrowserAndStartApplication" finished-at="2022-08-19T13:41:53 GMT-05:00" duration-ms="2538" status="PASS">
          <reporter-output>
          </reporter-output>
        </test-method> <!-- OpenBrowserAndStartApplication -->
        <test-method signature="LoginPage()[pri:0, instance:featureA.Scenario4@6a01e23]" started-at="2022-08-19T13:41:53 GMT-05:00" name="LoginPage" finished-at="2022-08-19T13:41:53 GMT-05:00" duration-ms="476" status="FAIL">
          <exception class="java.lang.AssertionError">
            <message>
              <![CDATA[Asserted!
expected [You logged into a secure area!
ﾃ余 but found [You logged into a secure area!],
expected [You logged out of the secure area!
ﾃ余 but found [You logged out of the secure area!]]]>
            </message>
            <full-stacktrace>
                <![CDATA[java.lang.AssertionError: Asserted!
expected [You logged into a secure area!
ﾃ余 but found [You logged into a secure area!],
expected [You logged out of the secure area!
ﾃ余 but found [You logged out of the secure area!]
at org.testng.asserts.SoftAssert.assertAll(SoftAssert.java:46)
at featureA.Scenario4.LoginPage(Scenario2.java:44)
at java.base/jdk.internal.reflect.DirectMethodHandleAccessor.invoke(DirectMethodHandleAccessor.java:104)
at java.base/java.lang.reflect.Method.invoke(Method.java:577)
at org.testng.internal.invokers.MethodInvocationHelper.invokeMethod(MethodInvocationHelper.java:135)
at org.testng.internal.invokers.TestInvoker.invokeMethod(TestInvoker.java:673)
at org.testng.internal.invokers.TestInvoker.invokeTestMethod(TestInvoker.java:220)
at org.testng.internal.invokers.MethodRunner.runInSequence(MethodRunner.java:50)
at org.testng.internal.invokers.TestInvoker$MethodInvocationAgent.invoke(TestInvoker.java:945)
at org.testng.internal.invokers.TestInvoker.invokeTestMethods(TestInvoker.java:193)
at org.testng.internal.invokers.TestMethodWorker.invokeTestMethods(TestMethodWorker.java:146)
at org.testng.internal.invokers.TestMethodWorker.run(TestMethodWorker.java:128)
at java.base/java.util.ArrayList.forEach(ArrayList.java:1511)
at org.testng.TestRunner.privateRun(TestRunner.java:808)
at org.testng.TestRunner.run(TestRunner.java:603)
at org.testng.SuiteRunner.runTest(SuiteRunner.java:429)
at org.testng.SuiteRunner.runSequentially(SuiteRunner.java:423)
at org.testng.SuiteRunner.privateRun(SuiteRunner.java:383)
at org.testng.SuiteRunner.run(SuiteRunner.java:326)
at org.testng.SuiteRunnerWorker.runSuite(SuiteRunnerWorker.java:52)
at org.testng.SuiteRunnerWorker.run(SuiteRunnerWorker.java:95)
at org.testng.TestNG.runSuitesSequentially(TestNG.java:1249)
at org.testng.TestNG.runSuitesLocally(TestNG.java:1169)
at org.testng.TestNG.runSuites(TestNG.java:1092)
at org.testng.TestNG.run(TestNG.java:1060)
at com.intellij.rt.testng.IDEARemoteTestNG.run(IDEARemoteTestNG.java:66)
at com.intellij.rt.testng.RemoteTestNGStarter.main(RemoteTestNGStarter.java:109)
]]>
            </full-stacktrace>
          </exception> <!-- java.lang.AssertionError -->
          <reporter-output>
          </reporter-output>
        </test-method> <!-- LoginPage -->
        <test-method is-config="true" signature="GoToMainPage()[pri:0, instance:featureA.Scenario4@6a01e23]" started-at="2022-08-19T13:41:53 GMT-05:00" name="GoToMainPage" finished-at="2022-08-19T13:41:53 GMT-05:00" duration-ms="108" status="PASS">
          <reporter-output>
          </reporter-output>
        </test-method> <!-- GoToMainPage -->
        <test-method is-config="true" signature="TearDown()[pri:0, instance:featureA.Scenario4@6a01e23]" started-at="2022-08-19T13:41:53 GMT-05:00" name="TearDown" finished-at="2022-08-19T13:41:53 GMT-05:00" duration-ms="62" status="PASS">
          <reporter-output>
          </reporter-output>
        </test-method> <!-- TearDown -->
      </class> <!-- featureA.Scenario4 -->
    </test> <!-- C:/Users/pawlo/IdeaProjects/NewTestNG/src/test/java -->
  </suite> <!-- Regression Tests -->
</testng-results>
